<?xml version="1.0" encoding="UTF-8"?>
<!-- Generated by org.testng.reporters.JUnitReportReporter -->
<testsuite skipped="0" hostname="DESKTOP-L0UD9RM" name="userTest.Tests" tests="3" failures="0" timestamp="2021-01-21T20:06:49 CET" time="5.480" errors="0">
  <testcase name="bannerPresence" time="0.112" classname="userTest.Tests"/>
  <testcase name="loginTest" time="3.809" classname="userTest.Tests"/>
  <testcase name="registrationTest" time="1.559" classname="userTest.Tests"/>
</testsuite> <!-- userTest.Tests -->
